<?xml version="1.0" encoding="UTF-8"?>
<!-- Generated by org.testng.reporters.JUnitXMLReporter -->
<testsuite hostname="WSQAICD1001n" name="Command line test" tests="1" failures="0" timestamp="12 Oct 2015 16:09:01 GMT" time="0.019" errors="0">
  <testcase name="@BeforeMethod before" time="0.0" classname="test.java.NewTest">
    <failure type="org.testng.TestNGException" message="
Parameter &amp;apos;browser&amp;apos; is required by @Configuration on method before but has not been marked @Optional or defined
">
      <![CDATA[org.testng.TestNGException: 
Parameter 'browser' is required by @Configuration on method before but has not been marked @Optional or defined

... Removed 32 stack frames]]>
    </failure>
  </testcase> <!-- @BeforeMethod before -->
  <testcase name="@AfterMethod after" time="0.0" classname="test.java.NewTest">
    <skipped/>
  </testcase> <!-- @AfterMethod after -->
  <testcase name="test" time="0.005" classname="test.java.NewTest">
    <skipped/>
  </testcase> <!-- test -->
</testsuite> <!-- Command line test -->
