<?xml version="1.0" encoding="UTF-8"?>
<!-- Generated by org.testng.reporters.JUnitReportReporter -->
<testsuite hostname="WSQAICD1001n" name="df.tests.FiltersTest" tests="3" failures="0" timestamp="10 Aug 2015 14:43:25 GMT" time="272.702" errors="3">
  <testcase name="verifyFiltersControlds" time="85.644" classname="df.tests.FiltersTest">
    <error type="java.lang.AssertionError" message="The following asserts failed:
ERROR: number of filtrable fields isn&#039;t 23
------ [Detailed Test Output] ------
Select &#039;Claim&#039; menu item
Open template menu
---Start to click on element: By.xpath: .//*[@id=&#039;app&#039;]//a[@class=&#039;dropdown-toggle&#039;]
---Start to find element: By.xpath: .//*[@id=&#039;app&#039;]//a[@class=&#039;dropdown-toggle&#039;]
---Start to click on element: By.xpath: .//*[@class=&#039;dropdown-menu&#039;]//a[text()=&#039;Claim&#039;]
---Start to find element: By.xpath: .//*[@class=&#039;dropdown-menu&#039;]//a[text()=&#039;Claim&#039;]
Click on &#039;Member&#039; group header in Claim template
---Start to click on element: By.xpath: .//li[contains(@data-reactid,&#039;member&#039;)]/a[1]
---Start to find element: By.xpath: .//li[contains(@data-reactid,&#039;member&#039;)]/a[1]
Click on &#039;Provider&#039; group header
---Start to click on element: By.xpath: .//li[contains(@data-reactid,&#039;billingProvider&#039;)]/a[1]
---Start to find element: By.xpath: .//li[contains(@data-reactid,&#039;billingProvider&#039;)]/a[1]
Count number of filters
---Start getting count of element: By.xpath: .//*[@class=&#039;glyphicon icon-add-filter&#039;]
---Start to find elements: By.xpath: .//*[@class=&#039;glyphicon icon-add-filter&#039;]
78 filters found
------ [END] ------

">
      <![CDATA[java.lang.AssertionError: The following asserts failed:
ERROR: number of filtrable fields isn't 23
------ [Detailed Test Output] ------
Select 'Claim' menu item
Open template menu
---Start to click on element: By.xpath: .//*[@id='app']//a[@class='dropdown-toggle']
---Start to find element: By.xpath: .//*[@id='app']//a[@class='dropdown-toggle']
---Start to click on element: By.xpath: .//*[@class='dropdown-menu']//a[text()='Claim']
---Start to find element: By.xpath: .//*[@class='dropdown-menu']//a[text()='Claim']
Click on 'Member' group header in Claim template
---Start to click on element: By.xpath: .//li[contains(@data-reactid,'member')]/a[1]
---Start to find element: By.xpath: .//li[contains(@data-reactid,'member')]/a[1]
Click on 'Provider' group header
---Start to click on element: By.xpath: .//li[contains(@data-reactid,'billingProvider')]/a[1]
---Start to find element: By.xpath: .//li[contains(@data-reactid,'billingProvider')]/a[1]
Count number of filters
---Start getting count of element: By.xpath: .//*[@class='glyphicon icon-add-filter']
---Start to find elements: By.xpath: .//*[@class='glyphicon icon-add-filter']
78 filters found
------ [END] ------


	at org.testng.asserts.SoftAssert.assertAll(SoftAssert.java:38)
	at df.tests.FiltersTest.verifyFiltersControlds(FiltersTest.java:74)
	at sun.reflect.NativeMethodAccessorImpl.invoke0(Native Method)
	at sun.reflect.NativeMethodAccessorImpl.invoke(Unknown Source)
	at sun.reflect.DelegatingMethodAccessorImpl.invoke(Unknown Source)
	at java.lang.reflect.Method.invoke(Unknown Source)
	at org.testng.internal.MethodInvocationHelper.invokeMethod(MethodInvocationHelper.java:84)
	at org.testng.internal.Invoker.invokeMethod(Invoker.java:714)
	at org.testng.internal.Invoker.invokeTestMethod(Invoker.java:901)
	at org.testng.internal.Invoker.invokeTestMethods(Invoker.java:1231)
	at org.testng.internal.TestMethodWorker.invokeTestMethods(TestMethodWorker.java:127)
	at org.testng.internal.TestMethodWorker.run(TestMethodWorker.java:111)
	at org.testng.TestRunner.privateRun(TestRunner.java:767)
	at org.testng.TestRunner.run(TestRunner.java:617)
	at org.testng.SuiteRunner.runTest(SuiteRunner.java:334)
	at org.testng.SuiteRunner.runSequentially(SuiteRunner.java:329)
	at org.testng.SuiteRunner.privateRun(SuiteRunner.java:291)
	at org.testng.SuiteRunner.run(SuiteRunner.java:240)
	at org.testng.SuiteRunnerWorker.runSuite(SuiteRunnerWorker.java:52)
	at org.testng.SuiteRunnerWorker.run(SuiteRunnerWorker.java:86)
	at org.testng.TestNG.runSuitesSequentially(TestNG.java:1224)
	at org.testng.TestNG.runSuitesLocally(TestNG.java:1149)
	at org.testng.TestNG.run(TestNG.java:1057)
	at org.testng.remote.RemoteTestNG.run(RemoteTestNG.java:111)
	at org.testng.remote.RemoteTestNG.initAndRun(RemoteTestNG.java:204)
	at org.testng.remote.RemoteTestNG.main(RemoteTestNG.java:175)
]]>
    </error>
  </testcase> <!-- verifyFiltersControlds -->
  <testcase name="verifyFiltersControlds" time="110.795" classname="df.tests.FiltersTest">
    <error type="java.lang.AssertionError" message="The following asserts failed:
ERROR: number of filtrable fields isn&#039;t 23
------ [Detailed Test Output] ------
Select &#039;Claim&#039; menu item
Open template menu
---Start to click on element: By.xpath: .//*[@id=&#039;app&#039;]//a[@class=&#039;dropdown-toggle&#039;]
---Start to find element: By.xpath: .//*[@id=&#039;app&#039;]//a[@class=&#039;dropdown-toggle&#039;]
---Start to click on element: By.xpath: .//*[@class=&#039;dropdown-menu&#039;]//a[text()=&#039;Claim&#039;]
---Start to find element: By.xpath: .//*[@class=&#039;dropdown-menu&#039;]//a[text()=&#039;Claim&#039;]
Click on &#039;Member&#039; group header in Claim template
---Start to click on element: By.xpath: .//li[contains(@data-reactid,&#039;member&#039;)]/a[1]
---Start to find element: By.xpath: .//li[contains(@data-reactid,&#039;member&#039;)]/a[1]
Click on &#039;Provider&#039; group header
---Start to click on element: By.xpath: .//li[contains(@data-reactid,&#039;billingProvider&#039;)]/a[1]
---Start to find element: By.xpath: .//li[contains(@data-reactid,&#039;billingProvider&#039;)]/a[1]
Count number of filters
---Start getting count of element: By.xpath: .//*[@class=&#039;glyphicon icon-add-filter&#039;]
---Start to find elements: By.xpath: .//*[@class=&#039;glyphicon icon-add-filter&#039;]
78 filters found
------ [END] ------

">
      <![CDATA[java.lang.AssertionError: The following asserts failed:
ERROR: number of filtrable fields isn't 23
------ [Detailed Test Output] ------
Select 'Claim' menu item
Open template menu
---Start to click on element: By.xpath: .//*[@id='app']//a[@class='dropdown-toggle']
---Start to find element: By.xpath: .//*[@id='app']//a[@class='dropdown-toggle']
---Start to click on element: By.xpath: .//*[@class='dropdown-menu']//a[text()='Claim']
---Start to find element: By.xpath: .//*[@class='dropdown-menu']//a[text()='Claim']
Click on 'Member' group header in Claim template
---Start to click on element: By.xpath: .//li[contains(@data-reactid,'member')]/a[1]
---Start to find element: By.xpath: .//li[contains(@data-reactid,'member')]/a[1]
Click on 'Provider' group header
---Start to click on element: By.xpath: .//li[contains(@data-reactid,'billingProvider')]/a[1]
---Start to find element: By.xpath: .//li[contains(@data-reactid,'billingProvider')]/a[1]
Count number of filters
---Start getting count of element: By.xpath: .//*[@class='glyphicon icon-add-filter']
---Start to find elements: By.xpath: .//*[@class='glyphicon icon-add-filter']
78 filters found
------ [END] ------


	at org.testng.asserts.SoftAssert.assertAll(SoftAssert.java:38)
	at df.tests.FiltersTest.verifyFiltersControlds(FiltersTest.java:74)
	at sun.reflect.NativeMethodAccessorImpl.invoke0(Native Method)
	at sun.reflect.NativeMethodAccessorImpl.invoke(Unknown Source)
	at sun.reflect.DelegatingMethodAccessorImpl.invoke(Unknown Source)
	at java.lang.reflect.Method.invoke(Unknown Source)
	at org.testng.internal.MethodInvocationHelper.invokeMethod(MethodInvocationHelper.java:84)
	at org.testng.internal.Invoker.invokeMethod(Invoker.java:714)
	at org.testng.internal.Invoker.invokeTestMethod(Invoker.java:901)
	at org.testng.internal.Invoker.invokeTestMethods(Invoker.java:1231)
	at org.testng.internal.TestMethodWorker.invokeTestMethods(TestMethodWorker.java:127)
	at org.testng.internal.TestMethodWorker.run(TestMethodWorker.java:111)
	at org.testng.TestRunner.privateRun(TestRunner.java:767)
	at org.testng.TestRunner.run(TestRunner.java:617)
	at org.testng.SuiteRunner.runTest(SuiteRunner.java:334)
	at org.testng.SuiteRunner.runSequentially(SuiteRunner.java:329)
	at org.testng.SuiteRunner.privateRun(SuiteRunner.java:291)
	at org.testng.SuiteRunner.run(SuiteRunner.java:240)
	at org.testng.SuiteRunnerWorker.runSuite(SuiteRunnerWorker.java:52)
	at org.testng.SuiteRunnerWorker.run(SuiteRunnerWorker.java:86)
	at org.testng.TestNG.runSuitesSequentially(TestNG.java:1224)
	at org.testng.TestNG.runSuitesLocally(TestNG.java:1149)
	at org.testng.TestNG.run(TestNG.java:1057)
	at org.testng.remote.RemoteTestNG.run(RemoteTestNG.java:111)
	at org.testng.remote.RemoteTestNG.initAndRun(RemoteTestNG.java:204)
	at org.testng.remote.RemoteTestNG.main(RemoteTestNG.java:175)
]]>
    </error>
  </testcase> <!-- verifyFiltersControlds -->
  <testcase name="verifyFiltersControlds" time="76.263" classname="df.tests.FiltersTest">
    <error type="java.lang.AssertionError" message="The following asserts failed:
ERROR: number of filtrable fields isn&#039;t 23
------ [Detailed Test Output] ------
Select &#039;Claim&#039; menu item
Open template menu
---Start to click on element: By.xpath: .//*[@id=&#039;app&#039;]//a[@class=&#039;dropdown-toggle&#039;]
---Start to find element: By.xpath: .//*[@id=&#039;app&#039;]//a[@class=&#039;dropdown-toggle&#039;]
---Start to click on element: By.xpath: .//*[@class=&#039;dropdown-menu&#039;]//a[text()=&#039;Claim&#039;]
---Start to find element: By.xpath: .//*[@class=&#039;dropdown-menu&#039;]//a[text()=&#039;Claim&#039;]
Click on &#039;Member&#039; group header in Claim template
---Start to click on element: By.xpath: .//li[contains(@data-reactid,&#039;member&#039;)]/a[1]
---Start to find element: By.xpath: .//li[contains(@data-reactid,&#039;member&#039;)]/a[1]
Click on &#039;Provider&#039; group header
---Start to click on element: By.xpath: .//li[contains(@data-reactid,&#039;billingProvider&#039;)]/a[1]
---Start to find element: By.xpath: .//li[contains(@data-reactid,&#039;billingProvider&#039;)]/a[1]
Count number of filters
---Start getting count of element: By.xpath: .//*[@class=&#039;glyphicon icon-add-filter&#039;]
---Start to find elements: By.xpath: .//*[@class=&#039;glyphicon icon-add-filter&#039;]
78 filters found
------ [END] ------

">
      <![CDATA[java.lang.AssertionError: The following asserts failed:
ERROR: number of filtrable fields isn't 23
------ [Detailed Test Output] ------
Select 'Claim' menu item
Open template menu
---Start to click on element: By.xpath: .//*[@id='app']//a[@class='dropdown-toggle']
---Start to find element: By.xpath: .//*[@id='app']//a[@class='dropdown-toggle']
---Start to click on element: By.xpath: .//*[@class='dropdown-menu']//a[text()='Claim']
---Start to find element: By.xpath: .//*[@class='dropdown-menu']//a[text()='Claim']
Click on 'Member' group header in Claim template
---Start to click on element: By.xpath: .//li[contains(@data-reactid,'member')]/a[1]
---Start to find element: By.xpath: .//li[contains(@data-reactid,'member')]/a[1]
Click on 'Provider' group header
---Start to click on element: By.xpath: .//li[contains(@data-reactid,'billingProvider')]/a[1]
---Start to find element: By.xpath: .//li[contains(@data-reactid,'billingProvider')]/a[1]
Count number of filters
---Start getting count of element: By.xpath: .//*[@class='glyphicon icon-add-filter']
---Start to find elements: By.xpath: .//*[@class='glyphicon icon-add-filter']
78 filters found
------ [END] ------


	at org.testng.asserts.SoftAssert.assertAll(SoftAssert.java:38)
	at df.tests.FiltersTest.verifyFiltersControlds(FiltersTest.java:74)
	at sun.reflect.NativeMethodAccessorImpl.invoke0(Native Method)
	at sun.reflect.NativeMethodAccessorImpl.invoke(Unknown Source)
	at sun.reflect.DelegatingMethodAccessorImpl.invoke(Unknown Source)
	at java.lang.reflect.Method.invoke(Unknown Source)
	at org.testng.internal.MethodInvocationHelper.invokeMethod(MethodInvocationHelper.java:84)
	at org.testng.internal.Invoker.invokeMethod(Invoker.java:714)
	at org.testng.internal.Invoker.invokeTestMethod(Invoker.java:901)
	at org.testng.internal.Invoker.invokeTestMethods(Invoker.java:1231)
	at org.testng.internal.TestMethodWorker.invokeTestMethods(TestMethodWorker.java:127)
	at org.testng.internal.TestMethodWorker.run(TestMethodWorker.java:111)
	at org.testng.TestRunner.privateRun(TestRunner.java:767)
	at org.testng.TestRunner.run(TestRunner.java:617)
	at org.testng.SuiteRunner.runTest(SuiteRunner.java:334)
	at org.testng.SuiteRunner.runSequentially(SuiteRunner.java:329)
	at org.testng.SuiteRunner.privateRun(SuiteRunner.java:291)
	at org.testng.SuiteRunner.run(SuiteRunner.java:240)
	at org.testng.SuiteRunnerWorker.runSuite(SuiteRunnerWorker.java:52)
	at org.testng.SuiteRunnerWorker.run(SuiteRunnerWorker.java:86)
	at org.testng.TestNG.runSuitesSequentially(TestNG.java:1224)
	at org.testng.TestNG.runSuitesLocally(TestNG.java:1149)
	at org.testng.TestNG.run(TestNG.java:1057)
	at org.testng.remote.RemoteTestNG.run(RemoteTestNG.java:111)
	at org.testng.remote.RemoteTestNG.initAndRun(RemoteTestNG.java:204)
	at org.testng.remote.RemoteTestNG.main(RemoteTestNG.java:175)
]]>
    </error>
  </testcase> <!-- verifyFiltersControlds -->
</testsuite> <!-- df.tests.FiltersTest -->
