<?xml version="1.0" encoding="UTF-8"?>
<!-- Generated by org.testng.reporters.JUnitXMLReporter -->
<testsuite hostname="WSQAICD1001n" name="RunAtChrome" tests="5" failures="2" timestamp="10 Aug 2015 14:39:11 GMT" time="264.739" errors="0">
  <testcase name="verifyHeaderControls" time="0.098" classname="df.tests.HeaderTest"/>
  <testcase name="verifyLeftSideControls" time="2.22" classname="df.tests.LeftNavBarTest"/>
  <testcase name="verifyMainPanelControls" time="0.195" classname="df.tests.MainPanelTest"/>
  <testcase name="verifyDefinitionTabsControlds" time="2.068" classname="df.tests.DefinitionTabTest">
    <failure type="java.lang.NullPointerException">
      <![CDATA[java.lang.NullPointerException
	at df.pages.DefinitionTab.verifyClearAllBtnIsDisabled(DefinitionTab.java:84)
	at df.tests.DefinitionTabTest.verifyDefinitionTabsControlds(DefinitionTabTest.java:59)
... Removed 24 stack frames]]>
    </failure>
  </testcase> <!-- verifyDefinitionTabsControlds -->
  <testcase name="verifyFiltersControlds" time="30.067" classname="df.tests.FiltersTest">
    <failure type="java.lang.AssertionError" message="The following asserts failed:
ERROR: number of filtrable fields isn&amp;apos;t 23
------ [Detailed Test Output] ------
Select &amp;apos;Claim&amp;apos; menu item
Open template menu
---Start to click on element: By.xpath: .//*[@id=&amp;apos;app&amp;apos;]//a[@class=&amp;apos;dropdown-toggle&amp;apos;]
---Start to find element: By.xpath: .//*[@id=&amp;apos;app&amp;apos;]//a[@class=&amp;apos;dropdown-toggle&amp;apos;]
---Start to click on element: By.xpath: .//*[@class=&amp;apos;dropdown-menu&amp;apos;]//a[text()=&amp;apos;Claim&amp;apos;]
---Start to find element: By.xpath: .//*[@class=&amp;apos;dropdown-menu&amp;apos;]//a[text()=&amp;apos;Claim&amp;apos;]
Click on &amp;apos;Member&amp;apos; group header in Claim template
---Start to click on element: By.xpath: .//li[contains(@data-reactid,&amp;apos;member&amp;apos;)]/a[1]
---Start to find element: By.xpath: .//li[contains(@data-reactid,&amp;apos;member&amp;apos;)]/a[1]
Click on &amp;apos;Provider&amp;apos; group header
---Start to click on element: By.xpath: .//li[contains(@data-reactid,&amp;apos;billingProvider&amp;apos;)]/a[1]
---Start to find element: By.xpath: .//li[contains(@data-reactid,&amp;apos;billingProvider&amp;apos;)]/a[1]
Count number of filters
---Start getting count of element: By.xpath: .//*[@class=&amp;apos;glyphicon icon-add-filter&amp;apos;]
---Start to find elements: By.xpath: .//*[@class=&amp;apos;glyphicon icon-add-filter&amp;apos;]
78 filters found
------ [END] ------

">
      <![CDATA[java.lang.AssertionError: The following asserts failed:
ERROR: number of filtrable fields isn't 23
------ [Detailed Test Output] ------
Select 'Claim' menu item
Open template menu
---Start to click on element: By.xpath: .//*[@id='app']//a[@class='dropdown-toggle']
---Start to find element: By.xpath: .//*[@id='app']//a[@class='dropdown-toggle']
---Start to click on element: By.xpath: .//*[@class='dropdown-menu']//a[text()='Claim']
---Start to find element: By.xpath: .//*[@class='dropdown-menu']//a[text()='Claim']
Click on 'Member' group header in Claim template
---Start to click on element: By.xpath: .//li[contains(@data-reactid,'member')]/a[1]
---Start to find element: By.xpath: .//li[contains(@data-reactid,'member')]/a[1]
Click on 'Provider' group header
---Start to click on element: By.xpath: .//li[contains(@data-reactid,'billingProvider')]/a[1]
---Start to find element: By.xpath: .//li[contains(@data-reactid,'billingProvider')]/a[1]
Count number of filters
---Start getting count of element: By.xpath: .//*[@class='glyphicon icon-add-filter']
---Start to find elements: By.xpath: .//*[@class='glyphicon icon-add-filter']
78 filters found
------ [END] ------


	at df.tests.FiltersTest.verifyFiltersControlds(FiltersTest.java:74)
... Removed 25 stack frames]]>
    </failure>
  </testcase> <!-- verifyFiltersControlds -->
</testsuite> <!-- RunAtChrome -->
