<html>
<head>
<title>TestNG:  RunAtChrome</title>
<link href="../testng.css" rel="stylesheet" type="text/css" />
<link href="../my-testng.css" rel="stylesheet" type="text/css" />

<style type="text/css">
.log { display: none;} 
.stack-trace { display: none;} 
</style>
<script type="text/javascript">
<!--
function flip(e) {
  current = e.style.display;
  if (current == 'block') {
    e.style.display = 'none';
    return 0;
  }
  else {
    e.style.display = 'block';
    return 1;
  }
}

function toggleBox(szDivId, elem, msg1, msg2)
{
  var res = -1;  if (document.getElementById) {
    res = flip(document.getElementById(szDivId));
  }
  else if (document.all) {
    // this is the way old msie versions work
    res = flip(document.all[szDivId]);
  }
  if(elem) {
    if(res == 0) elem.innerHTML = msg1; else elem.innerHTML = msg2;
  }

}

function toggleAllBoxes() {
  if (document.getElementsByTagName) {
    d = document.getElementsByTagName('div');
    for (i = 0; i < d.length; i++) {
      if (d[i].className == 'log') {
        flip(d[i]);
      }
    }
  }
}

// -->
</script>

</head>
<body>
<h2 align='center'>RunAtChrome</h2><table border='1' align="center">
<tr>
<td>Tests passed/Failed/Skipped:</td><td>3/2/0</td>
</tr><tr>
<td>Started on:</td><td>Mon Aug 10 17:34:46 MSK 2015</td>
</tr>
<tr><td>Total time:</td><td>264 seconds (264739 ms)</td>
</tr><tr>
<td>Included groups:</td><td></td>
</tr><tr>
<td>Excluded groups:</td><td></td>
</tr>
</table><p/>
<small><i>(Hover the method name to see the test class name)</i></small><p/>
<table width='100%' border='1' class='invocation-failed'>
<tr><td colspan='4' align='center'><b>FAILED TESTS</b></td></tr>
<tr><td><b>Test method</b></td>
<td width="30%"><b>Exception</b></td>
<td width="10%"><b>Time (seconds)</b></td>
<td><b>Instance</b></td>
</tr>
<tr>
<td title='df.tests.DefinitionTabTest.verifyDefinitionTabsControlds()'><b>verifyDefinitionTabsControlds</b><br>Test class: df.tests.DefinitionTabTest</td>
<td><div><pre>java.lang.NullPointerException
	at df.pages.DefinitionTab.verifyClearAllBtnIsDisabled(DefinitionTab.java:84)
	at df.tests.DefinitionTabTest.verifyDefinitionTabsControlds(DefinitionTabTest.java:59)
... Removed 24 stack frames</pre></div><a href='#' onClick='toggleBox("stack-trace314364096", this, "Click to show all stack frames", "Click to hide stack frames")'>Click to show all stack frames</a>
<div class='stack-trace' id='stack-trace314364096'><pre>java.lang.NullPointerException
	at df.pages.DefinitionTab.verifyClearAllBtnIsDisabled(DefinitionTab.java:84)
	at df.tests.DefinitionTabTest.verifyDefinitionTabsControlds(DefinitionTabTest.java:59)
	at sun.reflect.NativeMethodAccessorImpl.invoke0(Native Method)
	at sun.reflect.NativeMethodAccessorImpl.invoke(Unknown Source)
	at sun.reflect.DelegatingMethodAccessorImpl.invoke(Unknown Source)
	at java.lang.reflect.Method.invoke(Unknown Source)
	at org.testng.internal.MethodInvocationHelper.invokeMethod(MethodInvocationHelper.java:84)
	at org.testng.internal.Invoker.invokeMethod(Invoker.java:714)
	at org.testng.internal.Invoker.invokeTestMethod(Invoker.java:901)
	at org.testng.internal.Invoker.invokeTestMethods(Invoker.java:1231)
	at org.testng.internal.TestMethodWorker.invokeTestMethods(TestMethodWorker.java:127)
	at org.testng.internal.TestMethodWorker.run(TestMethodWorker.java:111)
	at org.testng.TestRunner.privateRun(TestRunner.java:767)
	at org.testng.TestRunner.run(TestRunner.java:617)
	at org.testng.SuiteRunner.runTest(SuiteRunner.java:334)
	at org.testng.SuiteRunner.runSequentially(SuiteRunner.java:329)
	at org.testng.SuiteRunner.privateRun(SuiteRunner.java:291)
	at org.testng.SuiteRunner.run(SuiteRunner.java:240)
	at org.testng.SuiteRunnerWorker.runSuite(SuiteRunnerWorker.java:52)
	at org.testng.SuiteRunnerWorker.run(SuiteRunnerWorker.java:86)
	at org.testng.TestNG.runSuitesSequentially(TestNG.java:1224)
	at org.testng.TestNG.runSuitesLocally(TestNG.java:1149)
	at org.testng.TestNG.run(TestNG.java:1057)
	at org.testng.remote.RemoteTestNG.run(RemoteTestNG.java:111)
	at org.testng.remote.RemoteTestNG.initAndRun(RemoteTestNG.java:204)
	at org.testng.remote.RemoteTestNG.main(RemoteTestNG.java:175)
</pre></div></td>
<td>2</td>
<td>df.tests.DefinitionTabTest@3fb6a447</td></tr>
<tr>
<td title='df.tests.FiltersTest.verifyFiltersControlds()'><b>verifyFiltersControlds</b><br>Test class: df.tests.FiltersTest</td>
<td><div><pre>java.lang.AssertionError: The following asserts failed:
ERROR: number of filtrable fields isn&apos;t 23
------ [Detailed Test Output] ------
Select &apos;Claim&apos; menu item
Open template menu
---Start to click on element: By.xpath: .//*[@id=&apos;app&apos;]//a[@class=&apos;dropdown-toggle&apos;]
---Start to find element: By.xpath: .//*[@id=&apos;app&apos;]//a[@class=&apos;dropdown-toggle&apos;]
---Start to click on element: By.xpath: .//*[@class=&apos;dropdown-menu&apos;]//a[text()=&apos;Claim&apos;]
---Start to find element: By.xpath: .//*[@class=&apos;dropdown-menu&apos;]//a[text()=&apos;Claim&apos;]
Click on &apos;Member&apos; group header in Claim template
---Start to click on element: By.xpath: .//li[contains(@data-reactid,&apos;member&apos;)]/a[1]
---Start to find element: By.xpath: .//li[contains(@data-reactid,&apos;member&apos;)]/a[1]
Click on &apos;Provider&apos; group header
---Start to click on element: By.xpath: .//li[contains(@data-reactid,&apos;billingProvider&apos;)]/a[1]
---Start to find element: By.xpath: .//li[contains(@data-reactid,&apos;billingProvider&apos;)]/a[1]
Count number of filters
---Start getting count of element: By.xpath: .//*[@class=&apos;glyphicon icon-add-filter&apos;]
---Start to find elements: By.xpath: .//*[@class=&apos;glyphicon icon-add-filter&apos;]
78 filters found
------ [END] ------


	at df.tests.FiltersTest.verifyFiltersControlds(FiltersTest.java:74)
... Removed 25 stack frames</pre></div><a href='#' onClick='toggleBox("stack-trace1699578227", this, "Click to show all stack frames", "Click to hide stack frames")'>Click to show all stack frames</a>
<div class='stack-trace' id='stack-trace1699578227'><pre>java.lang.AssertionError: The following asserts failed:
ERROR: number of filtrable fields isn&apos;t 23
------ [Detailed Test Output] ------
Select &apos;Claim&apos; menu item
Open template menu
---Start to click on element: By.xpath: .//*[@id=&apos;app&apos;]//a[@class=&apos;dropdown-toggle&apos;]
---Start to find element: By.xpath: .//*[@id=&apos;app&apos;]//a[@class=&apos;dropdown-toggle&apos;]
---Start to click on element: By.xpath: .//*[@class=&apos;dropdown-menu&apos;]//a[text()=&apos;Claim&apos;]
---Start to find element: By.xpath: .//*[@class=&apos;dropdown-menu&apos;]//a[text()=&apos;Claim&apos;]
Click on &apos;Member&apos; group header in Claim template
---Start to click on element: By.xpath: .//li[contains(@data-reactid,&apos;member&apos;)]/a[1]
---Start to find element: By.xpath: .//li[contains(@data-reactid,&apos;member&apos;)]/a[1]
Click on &apos;Provider&apos; group header
---Start to click on element: By.xpath: .//li[contains(@data-reactid,&apos;billingProvider&apos;)]/a[1]
---Start to find element: By.xpath: .//li[contains(@data-reactid,&apos;billingProvider&apos;)]/a[1]
Count number of filters
---Start getting count of element: By.xpath: .//*[@class=&apos;glyphicon icon-add-filter&apos;]
---Start to find elements: By.xpath: .//*[@class=&apos;glyphicon icon-add-filter&apos;]
78 filters found
------ [END] ------


	at org.testng.asserts.SoftAssert.assertAll(SoftAssert.java:38)
	at df.tests.FiltersTest.verifyFiltersControlds(FiltersTest.java:74)
	at sun.reflect.NativeMethodAccessorImpl.invoke0(Native Method)
	at sun.reflect.NativeMethodAccessorImpl.invoke(Unknown Source)
	at sun.reflect.DelegatingMethodAccessorImpl.invoke(Unknown Source)
	at java.lang.reflect.Method.invoke(Unknown Source)
	at org.testng.internal.MethodInvocationHelper.invokeMethod(MethodInvocationHelper.java:84)
	at org.testng.internal.Invoker.invokeMethod(Invoker.java:714)
	at org.testng.internal.Invoker.invokeTestMethod(Invoker.java:901)
	at org.testng.internal.Invoker.invokeTestMethods(Invoker.java:1231)
	at org.testng.internal.TestMethodWorker.invokeTestMethods(TestMethodWorker.java:127)
	at org.testng.internal.TestMethodWorker.run(TestMethodWorker.java:111)
	at org.testng.TestRunner.privateRun(TestRunner.java:767)
	at org.testng.TestRunner.run(TestRunner.java:617)
	at org.testng.SuiteRunner.runTest(SuiteRunner.java:334)
	at org.testng.SuiteRunner.runSequentially(SuiteRunner.java:329)
	at org.testng.SuiteRunner.privateRun(SuiteRunner.java:291)
	at org.testng.SuiteRunner.run(SuiteRunner.java:240)
	at org.testng.SuiteRunnerWorker.runSuite(SuiteRunnerWorker.java:52)
	at org.testng.SuiteRunnerWorker.run(SuiteRunnerWorker.java:86)
	at org.testng.TestNG.runSuitesSequentially(TestNG.java:1224)
	at org.testng.TestNG.runSuitesLocally(TestNG.java:1149)
	at org.testng.TestNG.run(TestNG.java:1057)
	at org.testng.remote.RemoteTestNG.run(RemoteTestNG.java:111)
	at org.testng.remote.RemoteTestNG.initAndRun(RemoteTestNG.java:204)
	at org.testng.remote.RemoteTestNG.main(RemoteTestNG.java:175)
</pre></div></td>
<td>30</td>
<td>df.tests.FiltersTest@7a5d012c</td></tr>
</table><p>
<table width='100%' border='1' class='invocation-passed'>
<tr><td colspan='4' align='center'><b>PASSED TESTS</b></td></tr>
<tr><td><b>Test method</b></td>
<td width="30%"><b>Exception</b></td>
<td width="10%"><b>Time (seconds)</b></td>
<td><b>Instance</b></td>
</tr>
<tr>
<td title='df.tests.HeaderTest.verifyHeaderControls()'><b>verifyHeaderControls</b><br>Test class: df.tests.HeaderTest</td>
<td></td>
<td>0</td>
<td>df.tests.HeaderTest@3cda1055</td></tr>
<tr>
<td title='df.tests.LeftNavBarTest.verifyLeftSideControls()'><b>verifyLeftSideControls</b><br>Test class: df.tests.LeftNavBarTest</td>
<td></td>
<td>2</td>
<td>df.tests.LeftNavBarTest@380fb434</td></tr>
<tr>
<td title='df.tests.MainPanelTest.verifyMainPanelControls()'><b>verifyMainPanelControls</b><br>Test class: df.tests.MainPanelTest</td>
<td></td>
<td>0</td>
<td>df.tests.MainPanelTest@668bc3d5</td></tr>
</table><p>
</body>
</html>